<?xml version="1.0" encoding="UTF-8"?>
<testsuites name="RESTful HTTPMethodTest" time="9.133" tests="1" failures="0" errors="0">
   <testsuite name="RESTful HTTPMethodTest" tests="1" failures="0" errors="0" time="9.133" skipped="0" timestamp="2022-01-16 15:27:06" hostname="PEACE - 10.0.0.111" id="Test Suites/RESTful HTTPMethodTest">
      <properties>
         <property name="deviceName" value=""/>
         <property name="devicePlatform" value=""/>
         <property name="logFolder" value="/Users/user/git/KatalonStudio-API-Testing/Reports/20220116_152653/RESTful HTTPMethodTest/20220116_152653"/>
         <property name="logFiles" value="/Users/user/git/KatalonStudio-API-Testing/Reports/20220116_152653/RESTful HTTPMethodTest/20220116_152653/execution0.log"/>
         <property name="attachments" value=""/>
         <property name="hostName" value="PEACE - 10.0.0.111"/>
         <property name="hostAddress" value="10.0.0.111"/>
         <property name="os" value="Mac OS X 64bit"/>
         <property name="katalonVersion" value="8.2.0.208"/>
      </properties>
      <testcase name="Test Cases/RESTtest (LISTUSERS)/TestHTTPMethods" time="8.154" classname="Test Cases/RESTtest (LISTUSERS)/TestHTTPMethods" status="PASSED">
         <system-out><![CDATA[2022-01-16 15:27:07 - [TEST_CASE][PASSED] - Test Cases/RESTtest (LISTUSERS)/TestHTTPMethods: Test Cases/RESTtest (LISTUSERS)/TestHTTPMethods

2022-01-16 15:27:08 - [TEST_STEP][PASSED] - response = sendRequestAndVerify(findTestObject("REST Service/ListUsers")): Send request and verify the response successfully

2022-01-16 15:27:10 - [MESSAGE][INFO] - HAR: /Users/user/git/KatalonStudio-API-Testing/Reports/20220116_152653/RESTful HTTPMethodTest/20220116_152653/requests/main/0.har

2022-01-16 15:27:10 - [TEST_CASE][PASSED] - Start Test Case : Verification: Verification accomplished successfully

2022-01-16 15:27:11 - [TEST_STEP][PASSED] - request = getInstance().getCurrentRequest(): null

2022-01-16 15:27:11 - [TEST_STEP][PASSED] - response = getInstance().getCurrentResponse(): null

2022-01-16 15:27:11 - [TEST_STEP][PASSED] - verifyResponseStatusCode(response, 200): Verify response status code successfully

2022-01-16 15:27:11 - [MESSAGE][PASSED] - Verify response status code successfully

2022-01-16 15:27:11 - [TEST_STEP][PASSED] - getStatusCode()).isEqualTo(200): null

2022-01-16 15:27:11 - [TEST_STEP][PASSED] - verifyElementPropertyValue(response, "data[0].last_name", "Lawson"): Verify element property value successfully

2022-01-16 15:27:11 - [MESSAGE][PASSED] - Verify element property value successfully

2022-01-16 15:27:11 - [TEST_STEP][PASSED] - verifyElementPropertyValue(response, "data[5].last_name", "Howell"): Verify element property value successfully

2022-01-16 15:27:11 - [MESSAGE][PASSED] - Verify element property value successfully

2022-01-16 15:27:11 - [MESSAGE][PASSED] - Verify response successfully

2022-01-16 15:27:11 - [MESSAGE][PASSED] - Send request and verify the response successfully

2022-01-16 15:27:11 - [TEST_STEP][PASSED] - sendRequestAndVerify(findTestObject("REST Service/DeleteUser")): Send request and verify the response successfully

2022-01-16 15:27:12 - [MESSAGE][INFO] - HAR: /Users/user/git/KatalonStudio-API-Testing/Reports/20220116_152653/RESTful HTTPMethodTest/20220116_152653/requests/main/1.har

2022-01-16 15:27:12 - [TEST_CASE][PASSED] - Start Test Case : Verification: Verification accomplished successfully

2022-01-16 15:27:13 - [TEST_STEP][PASSED] - request = getInstance().getCurrentRequest(): null

2022-01-16 15:27:13 - [TEST_STEP][PASSED] - response = getInstance().getCurrentResponse(): null

2022-01-16 15:27:13 - [TEST_STEP][PASSED] - verifyResponseStatusCode(response, 204): Verify response status code successfully

2022-01-16 15:27:13 - [MESSAGE][PASSED] - Verify response status code successfully

2022-01-16 15:27:13 - [MESSAGE][PASSED] - Verify response successfully

2022-01-16 15:27:13 - [MESSAGE][PASSED] - Send request and verify the response successfully

2022-01-16 15:27:13 - [TEST_STEP][PASSED] - sendRequestAndVerify(findTestObject("REST Service/UpdatUser")): Send request and verify the response successfully

2022-01-16 15:27:14 - [MESSAGE][INFO] - HAR: /Users/user/git/KatalonStudio-API-Testing/Reports/20220116_152653/RESTful HTTPMethodTest/20220116_152653/requests/main/2.har

2022-01-16 15:27:14 - [TEST_CASE][PASSED] - Start Test Case : Verification: Verification accomplished successfully

2022-01-16 15:27:14 - [TEST_STEP][PASSED] - request = getInstance().getCurrentRequest(): null

2022-01-16 15:27:14 - [TEST_STEP][PASSED] - response = getInstance().getCurrentResponse(): null

2022-01-16 15:27:14 - [TEST_STEP][PASSED] - verifyResponseStatusCode(response, 200): Verify response status code successfully

2022-01-16 15:27:14 - [MESSAGE][PASSED] - Verify response status code successfully

2022-01-16 15:27:14 - [TEST_STEP][PASSED] - getStatusCode()).isEqualTo(200): null

2022-01-16 15:27:14 - [MESSAGE][PASSED] - Verify response successfully

2022-01-16 15:27:14 - [MESSAGE][PASSED] - Send request and verify the response successfully

2022-01-16 15:27:14 - [TEST_STEP][PASSED] - sendRequestAndVerify(findTestObject("REST Service/CreateUser")): Send request and verify the response successfully

2022-01-16 15:27:15 - [MESSAGE][INFO] - HAR: /Users/user/git/KatalonStudio-API-Testing/Reports/20220116_152653/RESTful HTTPMethodTest/20220116_152653/requests/main/3.har

2022-01-16 15:27:15 - [TEST_CASE][PASSED] - Start Test Case : Verification: Verification accomplished successfully

2022-01-16 15:27:15 - [TEST_STEP][PASSED] - request = getInstance().getCurrentRequest(): null

2022-01-16 15:27:15 - [TEST_STEP][PASSED] - response = getInstance().getCurrentResponse(): null

2022-01-16 15:27:15 - [TEST_STEP][PASSED] - verifyResponseStatusCode(response, 201): Verify response status code successfully

2022-01-16 15:27:15 - [MESSAGE][PASSED] - Verify response status code successfully

2022-01-16 15:27:15 - [TEST_STEP][PASSED] - getStatusCode()).isEqualTo(201): null

2022-01-16 15:27:15 - [MESSAGE][PASSED] - Verify response successfully

2022-01-16 15:27:15 - [MESSAGE][PASSED] - Send request and verify the response successfully]]></system-out>
         <system-err><![CDATA[]]></system-err>
      </testcase>
      <system-out><![CDATA[2022-01-16 15:27:06 - [TEST_SUITE][PASSED] - RESTful HTTPMethodTest: Test Cases/RESTtest (LISTUSERS)/TestHTTPMethods]]></system-out>
      <system-err><![CDATA[]]></system-err>
   </testsuite>
</testsuites>
